<?xml version="1.0" encoding="UTF-8"?>
<!-- Generated by org.testng.reporters.JUnitXMLReporter -->
<testsuite hostname="FionaLobo" ignored="0" name="Default test" tests="4" failures="0" timestamp="2020-07-19T17:04:27 IST" time="159.05" errors="0">
  <testcase name="searchBox" time="4.417" classname="mytestpack.AutoTest"/>
  <testcase name="registerTest" time="17.98" classname="mytestpack.AutoTest"/>
  <testcase name="loginVerify" time="9.512" classname="mytestpack.AutoTest"/>
  <testcase name="addcartTest" time="14.008" classname="mytestpack.AutoTest"/>
</testsuite> <!-- Default test -->
