<?xml version="1.0" encoding="UTF-8"?>
<testng-results skipped="0" failed="0" ignored="0" total="4" passed="4">
  <reporter-output>
  </reporter-output>
  <suite name="Default suite" duration-ms="159050" started-at="2020-07-19T17:01:47 IST" finished-at="2020-07-19T17:04:26 IST">
    <groups>
    </groups>
    <test name="Default test" duration-ms="159050" started-at="2020-07-19T17:01:47 IST" finished-at="2020-07-19T17:04:26 IST">
      <class name="mytestpack.AutoTest">
        <test-method status="PASS" signature="setUp()[pri:0, instance:mytestpack.AutoTest@3dd4520b]" name="setUp" is-config="true" duration-ms="21639" started-at="2020-07-19T17:01:48 IST" finished-at="2020-07-19T17:02:09 IST">
          <reporter-output>
          </reporter-output>
        </test-method> <!-- setUp -->
        <test-method status="PASS" signature="searchBox()[pri:1, instance:mytestpack.AutoTest@3dd4520b]" name="searchBox" duration-ms="4417" started-at="2020-07-19T17:02:09 IST" finished-at="2020-07-19T17:02:14 IST">
          <reporter-output>
          </reporter-output>
        </test-method> <!-- searchBox -->
        <test-method status="PASS" signature="close()[pri:0, instance:mytestpack.AutoTest@3dd4520b]" name="close" is-config="true" duration-ms="7754" started-at="2020-07-19T17:02:14 IST" finished-at="2020-07-19T17:02:21 IST">
          <reporter-output>
          </reporter-output>
        </test-method> <!-- close -->
        <test-method status="PASS" signature="setUp()[pri:0, instance:mytestpack.AutoTest@3dd4520b]" name="setUp" is-config="true" duration-ms="22683" started-at="2020-07-19T17:02:21 IST" finished-at="2020-07-19T17:02:44 IST">
          <reporter-output>
          </reporter-output>
        </test-method> <!-- setUp -->
        <test-method status="PASS" signature="registerTest()[pri:2, instance:mytestpack.AutoTest@3dd4520b]" name="registerTest" duration-ms="17980" started-at="2020-07-19T17:02:44 IST" finished-at="2020-07-19T17:03:02 IST">
          <reporter-output>
          </reporter-output>
        </test-method> <!-- registerTest -->
        <test-method status="PASS" signature="close()[pri:0, instance:mytestpack.AutoTest@3dd4520b]" name="close" is-config="true" duration-ms="6228" started-at="2020-07-19T17:03:02 IST" finished-at="2020-07-19T17:03:08 IST">
          <reporter-output>
          </reporter-output>
        </test-method> <!-- close -->
        <test-method status="PASS" signature="setUp()[pri:0, instance:mytestpack.AutoTest@3dd4520b]" name="setUp" is-config="true" duration-ms="20106" started-at="2020-07-19T17:03:08 IST" finished-at="2020-07-19T17:03:28 IST">
          <reporter-output>
          </reporter-output>
        </test-method> <!-- setUp -->
        <test-method status="PASS" signature="loginVerify()[pri:3, instance:mytestpack.AutoTest@3dd4520b]" name="loginVerify" duration-ms="9512" started-at="2020-07-19T17:03:28 IST" finished-at="2020-07-19T17:03:38 IST">
          <reporter-output>
          </reporter-output>
        </test-method> <!-- loginVerify -->
        <test-method status="PASS" signature="close()[pri:0, instance:mytestpack.AutoTest@3dd4520b]" name="close" is-config="true" duration-ms="5988" started-at="2020-07-19T17:03:38 IST" finished-at="2020-07-19T17:03:44 IST">
          <reporter-output>
          </reporter-output>
        </test-method> <!-- close -->
        <test-method status="PASS" signature="setUp()[pri:0, instance:mytestpack.AutoTest@3dd4520b]" name="setUp" is-config="true" duration-ms="21987" started-at="2020-07-19T17:03:44 IST" finished-at="2020-07-19T17:04:06 IST">
          <reporter-output>
          </reporter-output>
        </test-method> <!-- setUp -->
        <test-method status="PASS" signature="addcartTest()[pri:4, instance:mytestpack.AutoTest@3dd4520b]" name="addcartTest" duration-ms="14008" started-at="2020-07-19T17:04:06 IST" finished-at="2020-07-19T17:04:20 IST">
          <reporter-output>
          </reporter-output>
        </test-method> <!-- addcartTest -->
        <test-method status="PASS" signature="close()[pri:0, instance:mytestpack.AutoTest@3dd4520b]" name="close" is-config="true" duration-ms="6614" started-at="2020-07-19T17:04:20 IST" finished-at="2020-07-19T17:04:26 IST">
          <reporter-output>
          </reporter-output>
        </test-method> <!-- close -->
      </class> <!-- mytestpack.AutoTest -->
    </test> <!-- Default test -->
  </suite> <!-- Default suite -->
</testng-results>
